<?xml version="1.0" encoding="UTF-8"?>
<!-- Generated by org.testng.reporters.JUnitReportReporter -->
<testsuite hostname="DESKTOP-EI48KPJ" failures="0" tests="1" name="com.testng.ParametersTest" time="0.004" errors="0" timestamp="2020-12-26T22:01:55 PST" skipped="0">
  <testcase classname="com.testng.ParametersTest" name="parameterizedTest" time="0.004"/>
  <system-out/>
</testsuite> <!-- com.testng.ParametersTest -->
