<?xml version="1.0" encoding="UTF-8"?>
<!-- Generated by org.testng.reporters.JUnitReportReporter -->
<testsuite hostname="DESKTOP-EI48KPJ" failures="0" tests="1" name="com.testng.TestngAnnotation" time="0.003" errors="0" timestamp="2020-12-30T12:13:45 PST" skipped="0">
  <testcase classname="com.testng.TestngAnnotation" name="testCase1" time="0.003"/>
  <system-out/>
</testsuite> <!-- com.testng.TestngAnnotation -->
