<?xml version="1.0" encoding="UTF-8"?>
<!-- Generated by org.testng.reporters.JUnitReportReporter -->
<testsuite hostname="DESKTOP-EI48KPJ" failures="0" tests="1" name="com.testng.Parallel_Test" time="5.219" errors="0" timestamp="2021-01-05T01:19:22 PST" skipped="0">
  <testcase classname="com.testng.Parallel_Test" name="getChrome" time="5.219"/>
  <system-out/>
</testsuite> <!-- com.testng.Parallel_Test -->
