<?xml version="1.0" encoding="UTF-8"?>
<!-- Generated by org.testng.reporters.JUnitReportReporter -->
<testsuite hostname="DESKTOP-EI48KPJ" failures="0" tests="3" name="com.testng.Parallel_Test" time="94.505" errors="0" timestamp="2020-12-27T14:49:00 PST" skipped="0">
  <testcase classname="com.testng.Parallel_Test" name="getFirefox" time="35.100"/>
  <system-out/>
  <testcase classname="com.testng.Parallel_Test" name="getChrome" time="29.275"/>
  <system-out/>
  <testcase classname="com.testng.Parallel_Test" name="getEdge" time="30.130"/>
  <system-out/>
</testsuite> <!-- com.testng.Parallel_Test -->
