<?xml version="1.0" encoding="UTF-8"?>
<!-- Generated by org.testng.reporters.JUnitReportReporter -->
<testsuite hostname="DESKTOP-EI48KPJ" failures="0" tests="1" name="com.testng.SkipTest" time="0.001" errors="0" timestamp="2020-12-27T14:21:34 PST" skipped="1">
  <testcase classname="com.testng.SkipTest" name="aSkipTest" time="0.001">
    <skipped/>
  </testcase> <!-- aSkipTest -->
  <system-out/>
</testsuite> <!-- com.testng.SkipTest -->
