<?xml version="1.0" encoding="UTF-8"?>
<!-- Generated by org.testng.reporters.JUnitReportReporter -->
<testsuite hostname="DESKTOP-EI48KPJ" failures="0" tests="1" name="com.testng.JenkinsGitHubDemo_1" time="6.464" errors="0" timestamp="2021-01-04T22:32:35 PST" skipped="0">
  <testcase classname="com.testng.JenkinsGitHubDemo_1" name="parameterizedTest_01" time="6.464"/>
  <system-out/>
</testsuite> <!-- com.testng.JenkinsGitHubDemo_1 -->
