<?xml version="1.0" encoding="UTF-8"?>
<!-- Generated by org.testng.reporters.JUnitReportReporter -->
<testsuite hostname="DESKTOP-EI48KPJ" failures="0" tests="2" name="com.testng.TestngAnnotation" time="0.005" errors="0" timestamp="2020-12-27T14:21:34 PST" skipped="0">
  <testcase classname="com.testng.TestngAnnotation" name="testCase2" time="0.001"/>
  <system-out/>
  <testcase classname="com.testng.TestngAnnotation" name="testCase1" time="0.004"/>
  <system-out/>
</testsuite> <!-- com.testng.TestngAnnotation -->
