<?xml version="1.0" encoding="UTF-8"?>
<!-- Generated by org.testng.reporters.JUnitReportReporter -->
<testsuite hostname="DESKTOP-EI48KPJ" failures="0" tests="4" name="com.testng.dependencies_Test" time="0.007" errors="0" timestamp="2020-12-26T22:01:32 PST" skipped="0">
  <testcase classname="com.testng.dependencies_Test" name="testCase1" time="0.005"/>
  <system-out/>
  <testcase classname="com.testng.dependencies_Test" name="testCase3" time="0.000"/>
  <system-out/>
  <testcase classname="com.testng.dependencies_Test" name="testCase2" time="0.001"/>
  <system-out/>
  <testcase classname="com.testng.dependencies_Test" name="testCase5" time="0.001"/>
  <system-out/>
</testsuite> <!-- com.testng.dependencies_Test -->
